c:\users\mitsui\desktop\卒業研究\ソフト\nc_lathe_control\debug\vc142.pdb
c:\users\mitsui\desktop\卒業研究\ソフト\nc_lathe_control\debug\vc142.idb
c:\users\mitsui\desktop\卒業研究\ソフト\nc_lathe_control\debug\main.obj
c:\users\mitsui\desktop\卒業研究\ソフト\nc_lathe_control\debug\ctdw.obj
c:\users\mitsui\desktop\卒業研究\ソフト\nc_lathe_control\debug\ctds.exe
c:\users\mitsui\desktop\卒業研究\ソフト\nc_lathe_control\debug\ctds.ilk
c:\users\mitsui\desktop\卒業研究\ソフト\nc_lathe_control\debug\ctds.pdb
c:\users\mitsui\desktop\卒業研究\ソフト\nc_lathe_control\.\debug\ctds.exe
c:\users\mitsui\desktop\卒業研究\ソフト\nc_lathe_control\debug\ctds.tlog\cl.command.1.tlog
c:\users\mitsui\desktop\卒業研究\ソフト\nc_lathe_control\debug\ctds.tlog\cl.read.1.tlog
c:\users\mitsui\desktop\卒業研究\ソフト\nc_lathe_control\debug\ctds.tlog\cl.write.1.tlog
c:\users\mitsui\desktop\卒業研究\ソフト\nc_lathe_control\debug\ctds.tlog\link.11664.delete.1.tlog
c:\users\mitsui\desktop\卒業研究\ソフト\nc_lathe_control\debug\ctds.tlog\link.14080.delete.1.tlog
c:\users\mitsui\desktop\卒業研究\ソフト\nc_lathe_control\debug\ctds.tlog\link.14492.delete.1.tlog
c:\users\mitsui\desktop\卒業研究\ソフト\nc_lathe_control\debug\ctds.tlog\link.228.delete.1.tlog
c:\users\mitsui\desktop\卒業研究\ソフト\nc_lathe_control\debug\ctds.tlog\link.2356.delete.1.tlog
c:\users\mitsui\desktop\卒業研究\ソフト\nc_lathe_control\debug\ctds.tlog\link.3464.delete.1.tlog
c:\users\mitsui\desktop\卒業研究\ソフト\nc_lathe_control\debug\ctds.tlog\link.5772.delete.1.tlog
c:\users\mitsui\desktop\卒業研究\ソフト\nc_lathe_control\debug\ctds.tlog\link.8484.delete.1.tlog
c:\users\mitsui\desktop\卒業研究\ソフト\nc_lathe_control\debug\ctds.tlog\link.8596.delete.1.tlog
c:\users\mitsui\desktop\卒業研究\ソフト\nc_lathe_control\debug\ctds.tlog\link.9272.delete.1.tlog
c:\users\mitsui\desktop\卒業研究\ソフト\nc_lathe_control\debug\ctds.tlog\link.command.1.tlog
c:\users\mitsui\desktop\卒業研究\ソフト\nc_lathe_control\debug\ctds.tlog\link.delete.1.tlog
c:\users\mitsui\desktop\卒業研究\ソフト\nc_lathe_control\debug\ctds.tlog\link.read.1.tlog
c:\users\mitsui\desktop\卒業研究\ソフト\nc_lathe_control\debug\ctds.tlog\link.write.1.tlog
